<?xml version="1.0" encoding="UTF-8"?>
<!-- Generated by org.testng.reporters.JUnitReportReporter -->
<testsuite hostname="DESKTOP-385R5N6" failures="0" tests="2" name="Academy.HomePage" time="28.695" errors="0" timestamp="2021-06-22T21:09:02 PST" skipped="0">
  <testcase classname="Academy.HomePage" name="basePageNavigation" time="14.419"/>
  <system-out/>
  <testcase classname="Academy.HomePage" name="basePageNavigation" time="14.276"/>
  <system-out/>
</testsuite> <!-- Academy.HomePage -->
