<?xml version="1.0" encoding="UTF-8"?>
<!-- Generated by org.testng.reporters.JUnitReportReporter -->
<testsuite hostname="DESKTOP-385R5N6" failures="0" tests="1" name="cucumberOptions.TestRunner" time="33.346" errors="0" timestamp="2021-06-23T21:20:58 PST" skipped="0">
  <testcase classname="cucumberOptions.TestRunner" name="feature" time="33.346"/>
  <system-out/>
</testsuite> <!-- cucumberOptions.TestRunner -->
