<?xml version="1.0" encoding="UTF-8"?>
<!-- Generated by org.testng.reporters.JUnitReportReporter -->
<testsuite hostname="DESKTOP-385R5N6" failures="0" tests="1" name="Academy.validateNavigationBar" time="0.296" errors="0" timestamp="2021-06-11T22:41:08 PST" skipped="0">
  <testcase classname="Academy.validateNavigationBar" name="validateAppNavBar" time="0.296"/>
  <system-out/>
</testsuite> <!-- Academy.validateNavigationBar -->
