<?xml version="1.0" encoding="UTF-8"?>
<!-- Generated by org.testng.reporters.JUnitReportReporter -->
<testsuite hostname="DESKTOP-385R5N6" failures="0" tests="2" name="Academy.HomePage" time="41.876" errors="0" timestamp="2021-06-23T21:29:58 PST" skipped="0">
  <testcase classname="Academy.HomePage" name="basePageNavigation" time="29.531"/>
  <system-out/>
  <testcase classname="Academy.HomePage" name="basePageNavigation" time="12.345"/>
  <system-out/>
</testsuite> <!-- Academy.HomePage -->
